\BOOKMARK [0][]{ustcchapter.1.0}{\376\377\134\001\227\142}{}% 1
\BOOKMARK [0][]{ustcchapter.2.0}{\376\377\000T\000i\000t\000l\000e\000\040\000p\000a\000g\000e}{}% 2
\BOOKMARK [0][]{ustcchapter.3.0}{\376\377\201\364\214\042}{}% 3
\BOOKMARK [0][]{ustcchapter.4.0}{\376\377\166\356\137\125}{}% 4
\BOOKMARK [0][]{chapter*.7}{\376\377\116\055\145\207\121\205\133\271\144\130\211\201}{}% 5
\BOOKMARK [0][]{chapter*.8}{\376\377\202\361\145\207\121\205\133\271\144\130\211\201}{}% 6
\BOOKMARK [0][]{chapter.1}{\376\377\173\054\116\000\172\340\000\040\173\200\116\313}{}% 7
\BOOKMARK [0][]{chapter.2}{\376\377\173\054\116\214\172\340\000\040\200\314\146\157\116\313\176\315}{}% 8
\BOOKMARK [1][-]{section.2.1}{\376\377\173\054\116\000\202\202\000\040\163\257\130\203\123\315\124\021\145\143\134\004\220\032\117\341}{chapter.2}% 9
\BOOKMARK [1][-]{section.2.2}{\376\377\173\054\116\214\202\202\000\040\221\314\137\267\000-\142\100\177\127\225\350\170\001\116\016\172\201\123\321\225\031\213\357}{chapter.2}% 10
\BOOKMARK [1][-]{section.2.3}{\376\377\173\054\116\011\202\202\000\040\117\116\133\306\136\246\131\107\120\166\150\041\232\214\170\001}{chapter.2}% 11
\BOOKMARK [0][]{chapter.3}{\376\377\173\054\116\011\172\340\000\040\133\371\000W\000i\000-\000F\000i\155\101\221\317\166\204\136\372\152\041}{}% 12
\BOOKMARK [1][-]{section.3.1}{\376\377\173\054\116\000\202\202\000\040\000W\000i\000-\000F\000i\155\101\221\317\166\204\147\011\000-\145\340\162\266\140\001\123\330\123\026}{chapter.3}% 13
\BOOKMARK [2][-]{subsection.3.1.1}{\376\377\116\000\000\040\167\355\145\366\123\330\123\026\377\032\000C\000S\000M\000A\000/\000C\000A\123\117\213\256}{section.3.1}% 14
\BOOKMARK [2][-]{subsection.3.1.2}{\376\377\116\214\000\040\225\177\145\366\123\330\123\026\377\032\163\257\130\203\116\016\116\272\174\173\155\073\122\250}{section.3.1}% 15
\BOOKMARK [1][-]{section.3.2}{\376\377\173\054\116\214\202\202\000\040\176\337\213\241\136\372\152\041}{chapter.3}% 16
\BOOKMARK [0][]{chapter.4}{\376\377\173\054\126\333\172\340\000\040\127\372\116\216\152\041\127\213\166\204\117\030\123\026}{}% 17
\BOOKMARK [1][-]{section.4.1}{\376\377\173\054\116\000\202\202\000\040\155\101\221\317\230\204\155\113}{chapter.4}% 18
\BOOKMARK [2][-]{subsection.4.1.1}{\376\377\116\000\000\040\171\273\145\143\145\366\225\364\140\305\121\265\116\013\230\204\155\113}{section.4.1}% 19
\BOOKMARK [2][-]{subsection.4.1.2}{\376\377\116\214\000\040\230\204\155\113\133\371\000L\000D\000P\000C\211\343\170\001\166\204\137\161\124\315}{section.4.1}% 20
\BOOKMARK [1][-]{section.4.2}{\376\377\173\054\116\214\202\202\000\040\117\235\143\156\230\204\155\113\117\030\123\026}{chapter.4}% 21
\BOOKMARK [2][-]{subsection.4.2.1}{\376\377\116\000\000\040\177\156\143\142}{section.4.2}% 22
\BOOKMARK [2][-]{subsection.4.2.2}{\376\377\116\214\000\040\122\250\140\001\123\302\145\160\214\003\202\202}{section.4.2}% 23
\BOOKMARK [0][]{chapter.5}{\376\377\173\054\116\224\172\340\000\040\213\304\117\060}{}% 24
\BOOKMARK [1][-]{section.5.1}{\376\377\173\054\116\000\202\202\000\040\117\177\165\050\152\041\127\213\217\333\210\114\166\204\230\204\155\113}{chapter.5}% 25
\BOOKMARK [1][-]{section.5.2}{\376\377\173\054\116\214\202\202\000\040\117\177\165\050\152\041\127\213\217\333\210\114\166\204\117\030\123\026}{chapter.5}% 26
\BOOKMARK [0][]{chapter.6}{\376\377\173\054\121\155\172\340\000\040\166\370\121\163\135\345\117\134}{}% 27
\BOOKMARK [0][]{chapter.7}{\376\377\173\054\116\003\172\340\000\040\140\073\176\323}{}% 28
\BOOKMARK [0][]{chapter*.20}{\376\377\123\302\200\003\145\207\163\056}{}% 29
